[2026-01-09T12:30:40.358+0000] {local_task_job_runner.py:120} INFO - ::group::Pre task execution logs
[2026-01-09T12:30:40.414+0000] {taskinstance.py:2076} INFO - Dependencies all met for dep_context=non-requeueable deps ti=<TaskInstance: exchange_rates_pipeline.silver_task manual__2026-01-09T12:30:29.316387+00:00 [queued]>
[2026-01-09T12:30:40.427+0000] {taskinstance.py:2076} INFO - Dependencies all met for dep_context=requeueable deps ti=<TaskInstance: exchange_rates_pipeline.silver_task manual__2026-01-09T12:30:29.316387+00:00 [queued]>
[2026-01-09T12:30:40.428+0000] {taskinstance.py:2306} INFO - Starting attempt 1 of 1
[2026-01-09T12:30:40.446+0000] {taskinstance.py:2330} INFO - Executing <Task(DockerOperator): silver_task> on 2026-01-09 12:30:29.316387+00:00
[2026-01-09T12:30:40.454+0000] {standard_task_runner.py:90} INFO - Running: ['***', 'tasks', 'run', 'exchange_rates_pipeline', 'silver_task', 'manual__2026-01-09T12:30:29.316387+00:00', '--job-id', '179', '--raw', '--subdir', 'DAGS_FOLDER/dag.py', '--cfg-path', '/tmp/tmpeaj0h02_']
[2026-01-09T12:30:40.457+0000] {standard_task_runner.py:91} INFO - Job 179: Subtask silver_task
[2026-01-09T12:30:40.457+0000] {logging_mixin.py:188} WARNING - /home/***/.local/lib/python3.12/site-packages/***/task/task_runner/standard_task_runner.py:61 DeprecationWarning: This process (pid=202) is multi-threaded, use of fork() may lead to deadlocks in the child.
[2026-01-09T12:30:40.458+0000] {standard_task_runner.py:63} INFO - Started process 203 to run task
[2026-01-09T12:30:40.507+0000] {task_command.py:426} INFO - Running <TaskInstance: exchange_rates_pipeline.silver_task manual__2026-01-09T12:30:29.316387+00:00 [running]> on host 8332bff687b7
[2026-01-09T12:30:40.628+0000] {taskinstance.py:2648} INFO - Exporting env vars: AIRFLOW_CTX_DAG_OWNER='***' AIRFLOW_CTX_DAG_ID='exchange_rates_pipeline' AIRFLOW_CTX_TASK_ID='silver_task' AIRFLOW_CTX_EXECUTION_DATE='2026-01-09T12:30:29.316387+00:00' AIRFLOW_CTX_TRY_NUMBER='1' AIRFLOW_CTX_DAG_RUN_ID='manual__2026-01-09T12:30:29.316387+00:00'
[2026-01-09T12:30:40.629+0000] {taskinstance.py:430} INFO - ::endgroup::
[2026-01-09T12:30:40.751+0000] {docker.py:366} INFO - Starting docker container from image pipeline_project_2-etl_worker
[2026-01-09T12:30:43.464+0000] {docker.py:436} INFO - Error: name 'last_update' is not defined
[2026-01-09T12:30:43.465+0000] {docker.py:436} INFO - Traceback (most recent call last):
  File "/app/scripts/silver_task.py", line 58, in <module>
[2026-01-09T12:30:43.466+0000] {docker.py:436} INFO - if len(df_to_load) >0 :
[2026-01-09T12:30:43.467+0000] {docker.py:436} INFO - ^^^^^^^^^^
[2026-01-09T12:30:43.468+0000] {docker.py:436} INFO - NameError: name 'df_to_load' is not defined
[2026-01-09T12:30:44.598+0000] {taskinstance.py:441} INFO - ::group::Post task execution logs
[2026-01-09T12:30:44.635+0000] {taskinstance.py:2905} ERROR - Task failed with exception
Traceback (most recent call last):
  File "/home/airflow/.local/lib/python3.12/site-packages/airflow/models/taskinstance.py", line 465, in _execute_task
    result = _execute_callable(context=context, **execute_callable_kwargs)
             ^^^^^^^^^^^^^^^^^^^^^^^^^^^^^^^^^^^^^^^^^^^^^^^^^^^^^^^^^^^^^
  File "/home/airflow/.local/lib/python3.12/site-packages/airflow/models/taskinstance.py", line 432, in _execute_callable
    return execute_callable(context=context, **execute_callable_kwargs)
           ^^^^^^^^^^^^^^^^^^^^^^^^^^^^^^^^^^^^^^^^^^^^^^^^^^^^^^^^^^^^
  File "/home/airflow/.local/lib/python3.12/site-packages/airflow/models/baseoperator.py", line 401, in wrapper
    return func(self, *args, **kwargs)
           ^^^^^^^^^^^^^^^^^^^^^^^^^^^
  File "/home/airflow/.local/lib/python3.12/site-packages/airflow/providers/docker/operators/docker.py", line 509, in execute
    return self._run_image()
           ^^^^^^^^^^^^^^^^^
  File "/home/airflow/.local/lib/python3.12/site-packages/airflow/providers/docker/operators/docker.py", line 383, in _run_image
    return self._run_image_with_mounts(self.mounts, add_tmp_variable=False)
           ^^^^^^^^^^^^^^^^^^^^^^^^^^^^^^^^^^^^^^^^^^^^^^^^^^^^^^^^^^^^^^^^
  File "/home/airflow/.local/lib/python3.12/site-packages/airflow/providers/docker/operators/docker.py", line 444, in _run_image_with_mounts
    raise DockerContainerFailedException(f"Docker container failed: {result!r}", logs=log_lines)
airflow.providers.docker.exceptions.DockerContainerFailedException: Docker container failed: {'StatusCode': 1}
[2026-01-09T12:30:44.662+0000] {taskinstance.py:1206} INFO - Marking task as FAILED. dag_id=exchange_rates_pipeline, task_id=silver_task, run_id=manual__2026-01-09T12:30:29.316387+00:00, execution_date=20260109T123029, start_date=20260109T123040, end_date=20260109T123044
[2026-01-09T12:30:44.737+0000] {standard_task_runner.py:110} ERROR - Failed to execute job 179 for task silver_task (Docker container failed: {'StatusCode': 1}; 203)
[2026-01-09T12:30:44.770+0000] {local_task_job_runner.py:240} INFO - Task exited with return code 1
[2026-01-09T12:30:44.812+0000] {taskinstance.py:3503} INFO - 0 downstream tasks scheduled from follow-on schedule check
[2026-01-09T12:30:44.814+0000] {local_task_job_runner.py:222} INFO - ::endgroup::
